{"/Users/byron/DevitTechnology/Projects/iX/blog-app/backend/src/controllers/blogs.js": {"path":"/Users/byron/DevitTechnology/Projects/iX/blog-app/backend/src/controllers/blogs.js","statementMap":{"0":{"start":{"line":1,"column":13},"end":{"line":1,"column":38}},"1":{"start":{"line":3,"column":21},"end":{"line":3,"column":57}},"2":{"start":{"line":5,"column":20},"end":{"line":44,"column":1}},"3":{"start":{"line":6,"column":2},"end":{"line":43,"column":3}},"4":{"start":{"line":7,"column":19},"end":{"line":7,"column":21}},"5":{"start":{"line":8,"column":4},"end":{"line":13,"column":5}},"6":{"start":{"line":9,"column":6},"end":{"line":12,"column":8}},"7":{"start":{"line":15,"column":4},"end":{"line":15,"column":51}},"8":{"start":{"line":16,"column":24},"end":{"line":16,"column":74}},"9":{"start":{"line":16,"column":69},"end":{"line":16,"column":73}},"10":{"start":{"line":17,"column":17},"end":{"line":24,"column":6}},"11":{"start":{"line":25,"column":4},"end":{"line":25,"column":30}},"12":{"start":{"line":26,"column":20},"end":{"line":26,"column":37}},"13":{"start":{"line":27,"column":4},"end":{"line":27,"column":25}},"14":{"start":{"line":28,"column":20},"end":{"line":28,"column":52}},"15":{"start":{"line":29,"column":4},"end":{"line":31,"column":7}},"16":{"start":{"line":32,"column":4},"end":{"line":32,"column":40}},"17":{"start":{"line":34,"column":4},"end":{"line":34,"column":20}},"18":{"start":{"line":35,"column":4},"end":{"line":38,"column":7}},"19":{"start":{"line":40,"column":4},"end":{"line":40,"column":21}},"20":{"start":{"line":41,"column":4},"end":{"line":41,"column":20}},"21":{"start":{"line":42,"column":4},"end":{"line":42,"column":49}},"22":{"start":{"line":46,"column":17},"end":{"line":58,"column":1}},"23":{"start":{"line":47,"column":2},"end":{"line":57,"column":3}},"24":{"start":{"line":48,"column":18},"end":{"line":50,"column":37}},"25":{"start":{"line":51,"column":4},"end":{"line":54,"column":7}},"26":{"start":{"line":56,"column":4},"end":{"line":56,"column":61}},"27":{"start":{"line":60,"column":20},"end":{"line":76,"column":1}},"28":{"start":{"line":61,"column":2},"end":{"line":75,"column":3}},"29":{"start":{"line":62,"column":4},"end":{"line":62,"column":31}},"30":{"start":{"line":63,"column":17},"end":{"line":67,"column":37}},"31":{"start":{"line":68,"column":4},"end":{"line":72,"column":5}},"32":{"start":{"line":69,"column":6},"end":{"line":69,"column":74}},"33":{"start":{"line":71,"column":6},"end":{"line":71,"column":69}},"34":{"start":{"line":74,"column":4},"end":{"line":74,"column":61}},"35":{"start":{"line":78,"column":29},"end":{"line":97,"column":1}},"36":{"start":{"line":79,"column":2},"end":{"line":96,"column":3}},"37":{"start":{"line":80,"column":4},"end":{"line":80,"column":31}},"38":{"start":{"line":81,"column":17},"end":{"line":81,"column":19}},"39":{"start":{"line":82,"column":4},"end":{"line":84,"column":5}},"40":{"start":{"line":83,"column":6},"end":{"line":83,"column":46}},"41":{"start":{"line":85,"column":18},"end":{"line":89,"column":37}},"42":{"start":{"line":90,"column":4},"end":{"line":93,"column":7}},"43":{"start":{"line":95,"column":4},"end":{"line":95,"column":61}},"44":{"start":{"line":99,"column":27},"end":{"line":118,"column":1}},"45":{"start":{"line":100,"column":2},"end":{"line":117,"column":3}},"46":{"start":{"line":101,"column":4},"end":{"line":101,"column":31}},"47":{"start":{"line":102,"column":17},"end":{"line":102,"column":19}},"48":{"start":{"line":103,"column":4},"end":{"line":105,"column":5}},"49":{"start":{"line":104,"column":6},"end":{"line":104,"column":43}},"50":{"start":{"line":106,"column":18},"end":{"line":110,"column":37}},"51":{"start":{"line":111,"column":4},"end":{"line":114,"column":7}},"52":{"start":{"line":116,"column":4},"end":{"line":116,"column":61}},"53":{"start":{"line":120,"column":23},"end":{"line":156,"column":1}},"54":{"start":{"line":121,"column":2},"end":{"line":155,"column":3}},"55":{"start":{"line":122,"column":19},"end":{"line":122,"column":21}},"56":{"start":{"line":123,"column":4},"end":{"line":128,"column":5}},"57":{"start":{"line":124,"column":6},"end":{"line":127,"column":8}},"58":{"start":{"line":129,"column":4},"end":{"line":129,"column":26}},"59":{"start":{"line":130,"column":17},"end":{"line":134,"column":37}},"60":{"start":{"line":135,"column":4},"end":{"line":152,"column":5}},"61":{"start":{"line":136,"column":26},"end":{"line":136,"column":76}},"62":{"start":{"line":136,"column":71},"end":{"line":136,"column":75}},"63":{"start":{"line":137,"column":6},"end":{"line":137,"column":52}},"64":{"start":{"line":138,"column":6},"end":{"line":138,"column":59}},"65":{"start":{"line":139,"column":6},"end":{"line":139,"column":70}},"66":{"start":{"line":140,"column":6},"end":{"line":140,"column":50}},"67":{"start":{"line":141,"column":6},"end":{"line":141,"column":68}},"68":{"start":{"line":142,"column":6},"end":{"line":144,"column":23}},"69":{"start":{"line":145,"column":26},"end":{"line":145,"column":43}},"70":{"start":{"line":146,"column":22},"end":{"line":148,"column":8}},"71":{"start":{"line":149,"column":6},"end":{"line":149,"column":72}},"72":{"start":{"line":151,"column":6},"end":{"line":151,"column":69}},"73":{"start":{"line":154,"column":4},"end":{"line":154,"column":63}},"74":{"start":{"line":158,"column":23},"end":{"line":171,"column":1}},"75":{"start":{"line":159,"column":2},"end":{"line":170,"column":3}},"76":{"start":{"line":160,"column":17},"end":{"line":160,"column":60}},"77":{"start":{"line":161,"column":4},"end":{"line":167,"column":5}},"78":{"start":{"line":162,"column":6},"end":{"line":164,"column":63}},"79":{"start":{"line":166,"column":6},"end":{"line":166,"column":66}},"80":{"start":{"line":169,"column":4},"end":{"line":169,"column":60}},"81":{"start":{"line":172,"column":23},"end":{"line":180,"column":1}},"82":{"start":{"line":182,"column":0},"end":{"line":182,"column":32}}},"fnMap":{"0":{"name":"(anonymous_0)","decl":{"start":{"line":5,"column":20},"end":{"line":5,"column":21}},"loc":{"start":{"line":5,"column":40},"end":{"line":44,"column":1}},"line":5},"1":{"name":"(anonymous_1)","decl":{"start":{"line":16,"column":62},"end":{"line":16,"column":63}},"loc":{"start":{"line":16,"column":69},"end":{"line":16,"column":73}},"line":16},"2":{"name":"(anonymous_2)","decl":{"start":{"line":46,"column":17},"end":{"line":46,"column":18}},"loc":{"start":{"line":46,"column":37},"end":{"line":58,"column":1}},"line":46},"3":{"name":"(anonymous_3)","decl":{"start":{"line":60,"column":20},"end":{"line":60,"column":21}},"loc":{"start":{"line":60,"column":40},"end":{"line":76,"column":1}},"line":60},"4":{"name":"(anonymous_4)","decl":{"start":{"line":78,"column":29},"end":{"line":78,"column":30}},"loc":{"start":{"line":78,"column":49},"end":{"line":97,"column":1}},"line":78},"5":{"name":"(anonymous_5)","decl":{"start":{"line":99,"column":27},"end":{"line":99,"column":28}},"loc":{"start":{"line":99,"column":47},"end":{"line":118,"column":1}},"line":99},"6":{"name":"(anonymous_6)","decl":{"start":{"line":120,"column":23},"end":{"line":120,"column":24}},"loc":{"start":{"line":120,"column":43},"end":{"line":156,"column":1}},"line":120},"7":{"name":"(anonymous_7)","decl":{"start":{"line":136,"column":64},"end":{"line":136,"column":65}},"loc":{"start":{"line":136,"column":71},"end":{"line":136,"column":75}},"line":136},"8":{"name":"(anonymous_8)","decl":{"start":{"line":158,"column":23},"end":{"line":158,"column":24}},"loc":{"start":{"line":158,"column":43},"end":{"line":171,"column":1}},"line":158}},"branchMap":{"0":{"loc":{"start":{"line":8,"column":4},"end":{"line":13,"column":5}},"type":"if","locations":[{"start":{"line":8,"column":4},"end":{"line":13,"column":5}},{"start":{},"end":{}}],"line":8},"1":{"loc":{"start":{"line":68,"column":4},"end":{"line":72,"column":5}},"type":"if","locations":[{"start":{"line":68,"column":4},"end":{"line":72,"column":5}},{"start":{"line":70,"column":11},"end":{"line":72,"column":5}}],"line":68},"2":{"loc":{"start":{"line":82,"column":4},"end":{"line":84,"column":5}},"type":"if","locations":[{"start":{"line":82,"column":4},"end":{"line":84,"column":5}},{"start":{},"end":{}}],"line":82},"3":{"loc":{"start":{"line":82,"column":8},"end":{"line":82,"column":63}},"type":"binary-expr","locations":[{"start":{"line":82,"column":8},"end":{"line":82,"column":31}},{"start":{"line":82,"column":35},"end":{"line":82,"column":63}}],"line":82},"4":{"loc":{"start":{"line":103,"column":4},"end":{"line":105,"column":5}},"type":"if","locations":[{"start":{"line":103,"column":4},"end":{"line":105,"column":5}},{"start":{},"end":{}}],"line":103},"5":{"loc":{"start":{"line":103,"column":8},"end":{"line":103,"column":63}},"type":"binary-expr","locations":[{"start":{"line":103,"column":8},"end":{"line":103,"column":31}},{"start":{"line":103,"column":35},"end":{"line":103,"column":63}}],"line":103},"6":{"loc":{"start":{"line":123,"column":4},"end":{"line":128,"column":5}},"type":"if","locations":[{"start":{"line":123,"column":4},"end":{"line":128,"column":5}},{"start":{},"end":{}}],"line":123},"7":{"loc":{"start":{"line":135,"column":4},"end":{"line":152,"column":5}},"type":"if","locations":[{"start":{"line":135,"column":4},"end":{"line":152,"column":5}},{"start":{"line":150,"column":11},"end":{"line":152,"column":5}}],"line":135},"8":{"loc":{"start":{"line":137,"column":19},"end":{"line":137,"column":51}},"type":"cond-expr","locations":[{"start":{"line":137,"column":30},"end":{"line":137,"column":38}},{"start":{"line":137,"column":41},"end":{"line":137,"column":51}}],"line":137},"9":{"loc":{"start":{"line":138,"column":22},"end":{"line":138,"column":58}},"type":"binary-expr","locations":[{"start":{"line":138,"column":22},"end":{"line":138,"column":41}},{"start":{"line":138,"column":45},"end":{"line":138,"column":58}}],"line":138},"10":{"loc":{"start":{"line":139,"column":25},"end":{"line":139,"column":69}},"type":"cond-expr","locations":[{"start":{"line":139,"column":39},"end":{"line":139,"column":50}},{"start":{"line":139,"column":53},"end":{"line":139,"column":69}}],"line":139},"11":{"loc":{"start":{"line":140,"column":19},"end":{"line":140,"column":49}},"type":"binary-expr","locations":[{"start":{"line":140,"column":19},"end":{"line":140,"column":35}},{"start":{"line":140,"column":39},"end":{"line":140,"column":49}}],"line":140},"12":{"loc":{"start":{"line":141,"column":25},"end":{"line":141,"column":67}},"type":"binary-expr","locations":[{"start":{"line":141,"column":25},"end":{"line":141,"column":47}},{"start":{"line":141,"column":51},"end":{"line":141,"column":67}}],"line":141},"13":{"loc":{"start":{"line":142,"column":21},"end":{"line":144,"column":22}},"type":"cond-expr","locations":[{"start":{"line":143,"column":10},"end":{"line":143,"column":38}},{"start":{"line":144,"column":10},"end":{"line":144,"column":22}}],"line":142},"14":{"loc":{"start":{"line":161,"column":4},"end":{"line":167,"column":5}},"type":"if","locations":[{"start":{"line":161,"column":4},"end":{"line":167,"column":5}},{"start":{"line":165,"column":11},"end":{"line":167,"column":5}}],"line":161}},"s":{"0":1,"1":1,"2":1,"3":2,"4":2,"5":2,"6":2,"7":2,"8":2,"9":4,"10":2,"11":2,"12":2,"13":2,"14":2,"15":2,"16":2,"17":2,"18":2,"19":0,"20":0,"21":0,"22":1,"23":0,"24":0,"25":0,"26":0,"27":1,"28":0,"29":0,"30":0,"31":0,"32":0,"33":0,"34":0,"35":1,"36":0,"37":0,"38":0,"39":0,"40":0,"41":0,"42":0,"43":0,"44":1,"45":0,"46":0,"47":0,"48":0,"49":0,"50":0,"51":0,"52":0,"53":1,"54":0,"55":0,"56":0,"57":0,"58":0,"59":0,"60":0,"61":0,"62":0,"63":0,"64":0,"65":0,"66":0,"67":0,"68":0,"69":0,"70":0,"71":0,"72":0,"73":0,"74":1,"75":0,"76":0,"77":0,"78":0,"79":0,"80":0,"81":1,"82":1},"f":{"0":2,"1":4,"2":0,"3":0,"4":0,"5":0,"6":0,"7":0,"8":0},"b":{"0":[2,0],"1":[0,0],"2":[0,0],"3":[0,0],"4":[0,0],"5":[0,0],"6":[0,0],"7":[0,0],"8":[0,0],"9":[0,0],"10":[0,0],"11":[0,0],"12":[0,0],"13":[0,0],"14":[0,0]},"_coverageSchema":"1a1c01bbd47fc00a2c39e90264f33305004495a9","hash":"167403b0af1fe05a50703c3be28c887eb4aa5e17"}
,"/Users/byron/DevitTechnology/Projects/iX/blog-app/backend/src/models/Blog.js": {"path":"/Users/byron/DevitTechnology/Projects/iX/blog-app/backend/src/models/Blog.js","statementMap":{"0":{"start":{"line":1,"column":17},"end":{"line":1,"column":36}},"1":{"start":{"line":3,"column":19},"end":{"line":33,"column":1}},"2":{"start":{"line":36,"column":0},"end":{"line":70,"column":3}},"3":{"start":{"line":43,"column":6},"end":{"line":43,"column":21}},"4":{"start":{"line":45,"column":2},"end":{"line":45,"column":18}},"5":{"start":{"line":47,"column":2},"end":{"line":54,"column":5}},"6":{"start":{"line":48,"column":4},"end":{"line":53,"column":6}},"7":{"start":{"line":58,"column":2},"end":{"line":67,"column":3}},"8":{"start":{"line":59,"column":4},"end":{"line":66,"column":6}},"9":{"start":{"line":69,"column":2},"end":{"line":69,"column":16}},"10":{"start":{"line":72,"column":0},"end":{"line":72,"column":52}}},"fnMap":{"0":{"name":"(anonymous_0)","decl":{"start":{"line":36,"column":28},"end":{"line":36,"column":29}},"loc":{"start":{"line":36,"column":40},"end":{"line":70,"column":1}},"line":36},"1":{"name":"(anonymous_1)","decl":{"start":{"line":47,"column":37},"end":{"line":47,"column":38}},"loc":{"start":{"line":47,"column":51},"end":{"line":54,"column":3}},"line":47}},"branchMap":{"0":{"loc":{"start":{"line":58,"column":2},"end":{"line":67,"column":3}},"type":"if","locations":[{"start":{"line":58,"column":2},"end":{"line":67,"column":3}},{"start":{},"end":{}}],"line":58},"1":{"loc":{"start":{"line":58,"column":6},"end":{"line":58,"column":26}},"type":"binary-expr","locations":[{"start":{"line":58,"column":6},"end":{"line":58,"column":12}},{"start":{"line":58,"column":16},"end":{"line":58,"column":26}}],"line":58}},"s":{"0":1,"1":1,"2":1,"3":0,"4":0,"5":0,"6":0,"7":0,"8":0,"9":0,"10":1},"f":{"0":0,"1":0},"b":{"0":[0,0],"1":[0,0]},"_coverageSchema":"1a1c01bbd47fc00a2c39e90264f33305004495a9","hash":"d48fcabba25137df9a422283ef9d6648033e6265"}
}
