{"/Users/byron/DevitTechnology/Projects/iX/blog-app/backend/src/controllers/blogs.js": {"path":"/Users/byron/DevitTechnology/Projects/iX/blog-app/backend/src/controllers/blogs.js","statementMap":{"0":{"start":{"line":1,"column":13},"end":{"line":1,"column":38}},"1":{"start":{"line":3,"column":21},"end":{"line":3,"column":57}},"2":{"start":{"line":5,"column":20},"end":{"line":38,"column":1}},"3":{"start":{"line":6,"column":2},"end":{"line":37,"column":3}},"4":{"start":{"line":7,"column":19},"end":{"line":7,"column":21}},"5":{"start":{"line":8,"column":4},"end":{"line":13,"column":5}},"6":{"start":{"line":9,"column":6},"end":{"line":12,"column":8}},"7":{"start":{"line":14,"column":24},"end":{"line":14,"column":74}},"8":{"start":{"line":14,"column":69},"end":{"line":14,"column":73}},"9":{"start":{"line":15,"column":17},"end":{"line":22,"column":6}},"10":{"start":{"line":23,"column":20},"end":{"line":23,"column":37}},"11":{"start":{"line":24,"column":20},"end":{"line":28,"column":37}},"12":{"start":{"line":29,"column":4},"end":{"line":29,"column":20}},"13":{"start":{"line":30,"column":4},"end":{"line":33,"column":7}},"14":{"start":{"line":35,"column":4},"end":{"line":35,"column":20}},"15":{"start":{"line":36,"column":4},"end":{"line":36,"column":49}},"16":{"start":{"line":40,"column":17},"end":{"line":54,"column":1}},"17":{"start":{"line":41,"column":2},"end":{"line":53,"column":3}},"18":{"start":{"line":42,"column":18},"end":{"line":44,"column":37}},"19":{"start":{"line":45,"column":4},"end":{"line":45,"column":20}},"20":{"start":{"line":46,"column":4},"end":{"line":49,"column":7}},"21":{"start":{"line":51,"column":4},"end":{"line":51,"column":20}},"22":{"start":{"line":52,"column":4},"end":{"line":52,"column":49}},"23":{"start":{"line":56,"column":20},"end":{"line":72,"column":1}},"24":{"start":{"line":57,"column":2},"end":{"line":71,"column":3}},"25":{"start":{"line":58,"column":4},"end":{"line":58,"column":31}},"26":{"start":{"line":59,"column":17},"end":{"line":63,"column":37}},"27":{"start":{"line":64,"column":4},"end":{"line":68,"column":5}},"28":{"start":{"line":65,"column":6},"end":{"line":65,"column":74}},"29":{"start":{"line":67,"column":6},"end":{"line":67,"column":69}},"30":{"start":{"line":70,"column":4},"end":{"line":70,"column":61}},"31":{"start":{"line":74,"column":29},"end":{"line":93,"column":1}},"32":{"start":{"line":75,"column":2},"end":{"line":92,"column":3}},"33":{"start":{"line":76,"column":4},"end":{"line":76,"column":31}},"34":{"start":{"line":77,"column":17},"end":{"line":77,"column":19}},"35":{"start":{"line":78,"column":4},"end":{"line":80,"column":5}},"36":{"start":{"line":79,"column":6},"end":{"line":79,"column":46}},"37":{"start":{"line":81,"column":18},"end":{"line":85,"column":37}},"38":{"start":{"line":86,"column":4},"end":{"line":89,"column":7}},"39":{"start":{"line":91,"column":4},"end":{"line":91,"column":61}},"40":{"start":{"line":95,"column":27},"end":{"line":114,"column":1}},"41":{"start":{"line":96,"column":2},"end":{"line":113,"column":3}},"42":{"start":{"line":97,"column":4},"end":{"line":97,"column":31}},"43":{"start":{"line":98,"column":17},"end":{"line":98,"column":19}},"44":{"start":{"line":99,"column":4},"end":{"line":101,"column":5}},"45":{"start":{"line":100,"column":6},"end":{"line":100,"column":43}},"46":{"start":{"line":102,"column":18},"end":{"line":106,"column":37}},"47":{"start":{"line":107,"column":4},"end":{"line":110,"column":7}},"48":{"start":{"line":112,"column":4},"end":{"line":112,"column":61}},"49":{"start":{"line":116,"column":23},"end":{"line":151,"column":1}},"50":{"start":{"line":117,"column":2},"end":{"line":150,"column":3}},"51":{"start":{"line":118,"column":19},"end":{"line":118,"column":21}},"52":{"start":{"line":119,"column":4},"end":{"line":124,"column":5}},"53":{"start":{"line":120,"column":6},"end":{"line":123,"column":8}},"54":{"start":{"line":125,"column":17},"end":{"line":129,"column":37}},"55":{"start":{"line":130,"column":4},"end":{"line":147,"column":5}},"56":{"start":{"line":131,"column":26},"end":{"line":131,"column":76}},"57":{"start":{"line":131,"column":71},"end":{"line":131,"column":75}},"58":{"start":{"line":132,"column":6},"end":{"line":132,"column":52}},"59":{"start":{"line":133,"column":6},"end":{"line":133,"column":59}},"60":{"start":{"line":134,"column":6},"end":{"line":134,"column":70}},"61":{"start":{"line":135,"column":6},"end":{"line":135,"column":50}},"62":{"start":{"line":136,"column":6},"end":{"line":136,"column":68}},"63":{"start":{"line":137,"column":6},"end":{"line":139,"column":23}},"64":{"start":{"line":140,"column":26},"end":{"line":140,"column":43}},"65":{"start":{"line":141,"column":22},"end":{"line":143,"column":8}},"66":{"start":{"line":144,"column":6},"end":{"line":144,"column":72}},"67":{"start":{"line":146,"column":6},"end":{"line":146,"column":69}},"68":{"start":{"line":149,"column":4},"end":{"line":149,"column":61}},"69":{"start":{"line":153,"column":23},"end":{"line":166,"column":1}},"70":{"start":{"line":154,"column":2},"end":{"line":165,"column":3}},"71":{"start":{"line":155,"column":17},"end":{"line":155,"column":60}},"72":{"start":{"line":156,"column":4},"end":{"line":162,"column":5}},"73":{"start":{"line":157,"column":6},"end":{"line":159,"column":63}},"74":{"start":{"line":161,"column":6},"end":{"line":161,"column":66}},"75":{"start":{"line":164,"column":4},"end":{"line":164,"column":58}},"76":{"start":{"line":167,"column":23},"end":{"line":175,"column":1}},"77":{"start":{"line":177,"column":0},"end":{"line":177,"column":32}}},"fnMap":{"0":{"name":"(anonymous_0)","decl":{"start":{"line":5,"column":20},"end":{"line":5,"column":21}},"loc":{"start":{"line":5,"column":40},"end":{"line":38,"column":1}},"line":5},"1":{"name":"(anonymous_1)","decl":{"start":{"line":14,"column":62},"end":{"line":14,"column":63}},"loc":{"start":{"line":14,"column":69},"end":{"line":14,"column":73}},"line":14},"2":{"name":"(anonymous_2)","decl":{"start":{"line":40,"column":17},"end":{"line":40,"column":18}},"loc":{"start":{"line":40,"column":37},"end":{"line":54,"column":1}},"line":40},"3":{"name":"(anonymous_3)","decl":{"start":{"line":56,"column":20},"end":{"line":56,"column":21}},"loc":{"start":{"line":56,"column":40},"end":{"line":72,"column":1}},"line":56},"4":{"name":"(anonymous_4)","decl":{"start":{"line":74,"column":29},"end":{"line":74,"column":30}},"loc":{"start":{"line":74,"column":49},"end":{"line":93,"column":1}},"line":74},"5":{"name":"(anonymous_5)","decl":{"start":{"line":95,"column":27},"end":{"line":95,"column":28}},"loc":{"start":{"line":95,"column":47},"end":{"line":114,"column":1}},"line":95},"6":{"name":"(anonymous_6)","decl":{"start":{"line":116,"column":23},"end":{"line":116,"column":24}},"loc":{"start":{"line":116,"column":43},"end":{"line":151,"column":1}},"line":116},"7":{"name":"(anonymous_7)","decl":{"start":{"line":131,"column":64},"end":{"line":131,"column":65}},"loc":{"start":{"line":131,"column":71},"end":{"line":131,"column":75}},"line":131},"8":{"name":"(anonymous_8)","decl":{"start":{"line":153,"column":23},"end":{"line":153,"column":24}},"loc":{"start":{"line":153,"column":43},"end":{"line":166,"column":1}},"line":153}},"branchMap":{"0":{"loc":{"start":{"line":8,"column":4},"end":{"line":13,"column":5}},"type":"if","locations":[{"start":{"line":8,"column":4},"end":{"line":13,"column":5}},{"start":{},"end":{}}],"line":8},"1":{"loc":{"start":{"line":64,"column":4},"end":{"line":68,"column":5}},"type":"if","locations":[{"start":{"line":64,"column":4},"end":{"line":68,"column":5}},{"start":{"line":66,"column":11},"end":{"line":68,"column":5}}],"line":64},"2":{"loc":{"start":{"line":78,"column":4},"end":{"line":80,"column":5}},"type":"if","locations":[{"start":{"line":78,"column":4},"end":{"line":80,"column":5}},{"start":{},"end":{}}],"line":78},"3":{"loc":{"start":{"line":78,"column":8},"end":{"line":78,"column":63}},"type":"binary-expr","locations":[{"start":{"line":78,"column":8},"end":{"line":78,"column":31}},{"start":{"line":78,"column":35},"end":{"line":78,"column":63}}],"line":78},"4":{"loc":{"start":{"line":99,"column":4},"end":{"line":101,"column":5}},"type":"if","locations":[{"start":{"line":99,"column":4},"end":{"line":101,"column":5}},{"start":{},"end":{}}],"line":99},"5":{"loc":{"start":{"line":99,"column":8},"end":{"line":99,"column":63}},"type":"binary-expr","locations":[{"start":{"line":99,"column":8},"end":{"line":99,"column":31}},{"start":{"line":99,"column":35},"end":{"line":99,"column":63}}],"line":99},"6":{"loc":{"start":{"line":119,"column":4},"end":{"line":124,"column":5}},"type":"if","locations":[{"start":{"line":119,"column":4},"end":{"line":124,"column":5}},{"start":{},"end":{}}],"line":119},"7":{"loc":{"start":{"line":130,"column":4},"end":{"line":147,"column":5}},"type":"if","locations":[{"start":{"line":130,"column":4},"end":{"line":147,"column":5}},{"start":{"line":145,"column":11},"end":{"line":147,"column":5}}],"line":130},"8":{"loc":{"start":{"line":132,"column":19},"end":{"line":132,"column":51}},"type":"cond-expr","locations":[{"start":{"line":132,"column":30},"end":{"line":132,"column":38}},{"start":{"line":132,"column":41},"end":{"line":132,"column":51}}],"line":132},"9":{"loc":{"start":{"line":133,"column":22},"end":{"line":133,"column":58}},"type":"binary-expr","locations":[{"start":{"line":133,"column":22},"end":{"line":133,"column":41}},{"start":{"line":133,"column":45},"end":{"line":133,"column":58}}],"line":133},"10":{"loc":{"start":{"line":134,"column":25},"end":{"line":134,"column":69}},"type":"cond-expr","locations":[{"start":{"line":134,"column":39},"end":{"line":134,"column":50}},{"start":{"line":134,"column":53},"end":{"line":134,"column":69}}],"line":134},"11":{"loc":{"start":{"line":135,"column":19},"end":{"line":135,"column":49}},"type":"binary-expr","locations":[{"start":{"line":135,"column":19},"end":{"line":135,"column":35}},{"start":{"line":135,"column":39},"end":{"line":135,"column":49}}],"line":135},"12":{"loc":{"start":{"line":136,"column":25},"end":{"line":136,"column":67}},"type":"binary-expr","locations":[{"start":{"line":136,"column":25},"end":{"line":136,"column":47}},{"start":{"line":136,"column":51},"end":{"line":136,"column":67}}],"line":136},"13":{"loc":{"start":{"line":137,"column":21},"end":{"line":139,"column":22}},"type":"cond-expr","locations":[{"start":{"line":138,"column":10},"end":{"line":138,"column":38}},{"start":{"line":139,"column":10},"end":{"line":139,"column":22}}],"line":137},"14":{"loc":{"start":{"line":156,"column":4},"end":{"line":162,"column":5}},"type":"if","locations":[{"start":{"line":156,"column":4},"end":{"line":162,"column":5}},{"start":{"line":160,"column":11},"end":{"line":162,"column":5}}],"line":156}},"s":{"0":1,"1":1,"2":1,"3":2,"4":2,"5":2,"6":2,"7":2,"8":4,"9":2,"10":2,"11":1,"12":1,"13":1,"14":1,"15":1,"16":1,"17":2,"18":2,"19":1,"20":1,"21":1,"22":1,"23":1,"24":0,"25":0,"26":0,"27":0,"28":0,"29":0,"30":0,"31":1,"32":0,"33":0,"34":0,"35":0,"36":0,"37":0,"38":0,"39":0,"40":1,"41":0,"42":0,"43":0,"44":0,"45":0,"46":0,"47":0,"48":0,"49":1,"50":0,"51":0,"52":0,"53":0,"54":0,"55":0,"56":0,"57":0,"58":0,"59":0,"60":0,"61":0,"62":0,"63":0,"64":0,"65":0,"66":0,"67":0,"68":0,"69":1,"70":0,"71":0,"72":0,"73":0,"74":0,"75":0,"76":1,"77":1},"f":{"0":2,"1":4,"2":2,"3":0,"4":0,"5":0,"6":0,"7":0,"8":0},"b":{"0":[2,0],"1":[0,0],"2":[0,0],"3":[0,0],"4":[0,0],"5":[0,0],"6":[0,0],"7":[0,0],"8":[0,0],"9":[0,0],"10":[0,0],"11":[0,0],"12":[0,0],"13":[0,0],"14":[0,0]},"_coverageSchema":"1a1c01bbd47fc00a2c39e90264f33305004495a9","hash":"177a0fdd38f35410dfc389738e12b2d3e4408be4"}
,"/Users/byron/DevitTechnology/Projects/iX/blog-app/backend/src/models/Blog.js": {"path":"/Users/byron/DevitTechnology/Projects/iX/blog-app/backend/src/models/Blog.js","statementMap":{"0":{"start":{"line":1,"column":17},"end":{"line":1,"column":36}},"1":{"start":{"line":3,"column":19},"end":{"line":33,"column":1}},"2":{"start":{"line":36,"column":0},"end":{"line":70,"column":3}},"3":{"start":{"line":43,"column":6},"end":{"line":43,"column":21}},"4":{"start":{"line":45,"column":2},"end":{"line":45,"column":18}},"5":{"start":{"line":47,"column":2},"end":{"line":54,"column":5}},"6":{"start":{"line":48,"column":4},"end":{"line":53,"column":6}},"7":{"start":{"line":58,"column":2},"end":{"line":67,"column":3}},"8":{"start":{"line":59,"column":4},"end":{"line":66,"column":6}},"9":{"start":{"line":69,"column":2},"end":{"line":69,"column":16}},"10":{"start":{"line":72,"column":0},"end":{"line":72,"column":52}}},"fnMap":{"0":{"name":"(anonymous_0)","decl":{"start":{"line":36,"column":28},"end":{"line":36,"column":29}},"loc":{"start":{"line":36,"column":40},"end":{"line":70,"column":1}},"line":36},"1":{"name":"(anonymous_1)","decl":{"start":{"line":47,"column":37},"end":{"line":47,"column":38}},"loc":{"start":{"line":47,"column":51},"end":{"line":54,"column":3}},"line":47}},"branchMap":{"0":{"loc":{"start":{"line":58,"column":2},"end":{"line":67,"column":3}},"type":"if","locations":[{"start":{"line":58,"column":2},"end":{"line":67,"column":3}},{"start":{},"end":{}}],"line":58},"1":{"loc":{"start":{"line":58,"column":6},"end":{"line":58,"column":26}},"type":"binary-expr","locations":[{"start":{"line":58,"column":6},"end":{"line":58,"column":12}},{"start":{"line":58,"column":16},"end":{"line":58,"column":26}}],"line":58}},"s":{"0":1,"1":1,"2":1,"3":0,"4":0,"5":0,"6":0,"7":0,"8":0,"9":0,"10":1},"f":{"0":0,"1":0},"b":{"0":[0,0],"1":[0,0]},"_coverageSchema":"1a1c01bbd47fc00a2c39e90264f33305004495a9","hash":"d48fcabba25137df9a422283ef9d6648033e6265"}
}
